<?xml version='1.0' encoding='UTF-8' ?>
<testsuite name="Bili.sup.ExampleInstrumentedTest" tests="1" failures="0" errors="0" skipped="0" time="1.479" timestamp="2024-03-16T10:27:46" hostname="localhost">
  <properties>
    <property name="device" value="LM-V409N - 11" />
    <property name="flavor" value="" />
    <property name="project" value=":app" />
  </properties>
  <testcase name="useAppContext" classname="Bili.sup.ExampleInstrumentedTest" time="0.008" />
</testsuite>